<?xml version="1.0" encoding="UTF-8"?>
<!-- Generated by org.testng.reporters.JUnitReportReporter -->
<testsuite skipped="0" hostname="DESKTOP-P2734B8" name="tests.CartPageTest" tests="5" failures="0" timestamp="2019-12-09T20:46:04 CET" time="53.196" errors="0">
  <testcase name="unloggedViewCartPageCheckIfEmpty" time="3.133" classname="tests.CartPageTest"/>
  <testcase name="unloggedViewAndAssertCartPage" time="5.297" classname="tests.CartPageTest"/>
  <testcase name="unloggedEmptyCartSendUsYourComments" time="7.509" classname="tests.CartPageTest"/>
  <testcase name="unloggedAddItemToEmpyCart" time="30.688" classname="tests.CartPageTest"/>
  <testcase name="unloggedEmptyCartStartShopping" time="6.569" classname="tests.CartPageTest"/>
</testsuite> <!-- tests.CartPageTest -->
