<?xml version="1.0" encoding="UTF-8"?>
<!-- Generated by org.testng.reporters.JUnitReportReporter -->
<testsuite skipped="0" hostname="DESKTOP-P2734B8" name="tests.SearchPageTest" tests="1" failures="0" timestamp="12 lip 2019 12:43:25 GMT" time="23.353" errors="0">
  <testcase name="searchForRug" time="23.353" classname="tests.SearchPageTest"/>
</testsuite> <!-- tests.SearchPageTest -->
