<?xml version="1.0" encoding="UTF-8"?>
<!-- Generated by org.testng.reporters.JUnitReportReporter -->
<testsuite skipped="0" hostname="DESKTOP-P2734B8" name="tests.SearchPageTest" tests="1" failures="0" timestamp="2019-12-09T20:46:04 CET" time="16.885" errors="0">
  <testcase name="searchForRug" time="16.885" classname="tests.SearchPageTest"/>
</testsuite> <!-- tests.SearchPageTest -->
