<?xml version="1.0" encoding="UTF-8"?>
<!-- Generated by org.testng.reporters.JUnitReportReporter -->
<testsuite skipped="0" hostname="DESKTOP-P2734B8" name="tests.CartPageTest" tests="1" failures="0" timestamp="22 cze 2019 21:35:42 GMT" time="8.605" errors="0">
  <testcase name="openAndAssertCartPage" time="8.605" classname="tests.CartPageTest"/>
</testsuite> <!-- tests.CartPageTest -->
