<?xml version="1.0" encoding="UTF-8"?>
<!-- Generated by org.testng.reporters.JUnitReportReporter -->
<testsuite skipped="0" hostname="DESKTOP-P2734B8" name="tests.SearchPageTest" tests="1" failures="0" timestamp="2019-12-10T20:00:22 CET" time="20.982" errors="0">
  <testcase name="searchForRug" time="20.982" classname="tests.SearchPageTest"/>
</testsuite> <!-- tests.SearchPageTest -->
