<?xml version="1.0" encoding="UTF-8"?>
<!-- Generated by org.testng.reporters.JUnitReportReporter -->
<testsuite skipped="0" hostname="DESKTOP-P2734B8" name="tests.CartPageTest" tests="5" failures="0" timestamp="12 lip 2019 13:46:30 GMT" time="62.736" errors="0">
  <testcase name="unloggedAddItemToEmpyCart" time="41.271" classname="tests.CartPageTest"/>
  <testcase name="unloggedViewCartPageCheckIfEmpty" time="2.873" classname="tests.CartPageTest"/>
  <testcase name="unloggedViewAndAssertCartPage" time="3.104" classname="tests.CartPageTest"/>
  <testcase name="unloggedEmptyCartStartShopping" time="8.111" classname="tests.CartPageTest"/>
  <testcase name="unloggedEmptyCartSendUsYourComments" time="7.377" classname="tests.CartPageTest"/>
</testsuite> <!-- tests.CartPageTest -->
