<?xml version="1.0" encoding="UTF-8"?>
<!-- Generated by org.testng.reporters.JUnitReportReporter -->
<testsuite skipped="0" hostname="DESKTOP-P2734B8" name="tests.CartPageTest" tests="5" failures="0" timestamp="12 lip 2019 08:35:19 GMT" time="115.166" errors="0">
  <testcase name="unloggedEmptyCartSendUsYourComments" time="9.898" classname="tests.CartPageTest"/>
  <testcase name="unloggedViewCartPageCheckIfEmpty" time="6.494" classname="tests.CartPageTest"/>
  <testcase name="unloggedEmptyCartStartShopping" time="10.472" classname="tests.CartPageTest"/>
  <testcase name="unloggedViewAndAssertCartPage" time="5.513" classname="tests.CartPageTest"/>
  <testcase name="unloggedAddItemToEmpyCart" time="82.789" classname="tests.CartPageTest"/>
</testsuite> <!-- tests.CartPageTest -->
