<?xml version="1.0" encoding="UTF-8"?>
<!-- Generated by org.testng.reporters.JUnitReportReporter -->
<testsuite skipped="0" hostname="DESKTOP-P2734B8" name="tests.CartPageTest" tests="5" failures="0" timestamp="26 cze 2019 22:46:40 GMT" time="49.214" errors="0">
  <testcase name="unloggedAddItemToEmpyCart" time="31.715" classname="tests.CartPageTest"/>
  <testcase name="unloggedEmptyCartStartShopping" time="5.503" classname="tests.CartPageTest"/>
  <testcase name="unloggedViewCartPageCheckIfEmpty" time="2.966" classname="tests.CartPageTest"/>
  <testcase name="unloggedViewAndAssertCartPage" time="2.961" classname="tests.CartPageTest"/>
  <testcase name="unloggedEmptyCartSendUsYourComments" time="6.069" classname="tests.CartPageTest"/>
</testsuite> <!-- tests.CartPageTest -->
