<?xml version="1.0" encoding="UTF-8"?>
<!-- Generated by org.testng.reporters.JUnitReportReporter -->
<testsuite skipped="0" hostname="DESKTOP-P2734B8" name="tests.CartPageTest" tests="4" failures="0" timestamp="23 cze 2019 18:16:42 GMT" time="50.751" errors="0">
  <testcase name="unloggedAddItemToEmpyCart" time="34.108" classname="tests.CartPageTest"/>
  <testcase name="unloggedViewAndAssertCartPage" time="2.975" classname="tests.CartPageTest"/>
  <testcase name="unloggedEmptyCartStartShopping" time="10.064" classname="tests.CartPageTest"/>
  <testcase name="unloggedViewCartPageCheckIfEmpty" time="3.604" classname="tests.CartPageTest"/>
</testsuite> <!-- tests.CartPageTest -->
