<?xml version="1.0" encoding="UTF-8"?>
<!-- Generated by org.testng.reporters.JUnitReportReporter -->
<testsuite skipped="0" hostname="DESKTOP-P2734B8" name="tests.SearchPageTest" tests="1" failures="0" timestamp="12 lip 2019 13:46:30 GMT" time="20.744" errors="0">
  <testcase name="searchForRug" time="20.744" classname="tests.SearchPageTest"/>
</testsuite> <!-- tests.SearchPageTest -->
